# JRE version: Java(TM) SE Runtime Environment (17.0.9+11) (build 17.0.9+11-LTS-201)
# Java VM: Java HotSpot(TM) 64-Bit Server VM (17.0.9+11-LTS-201, mixed mode, sharing, tiered, compressed oops, compressed class ptrs, g1 gc, windows-amd64)
GC Precious Log:
 CPUs: 8 total, 8 available
 Memory: 23987M
 Large Page Support: Disabled
 NUMA Support: Disabled
 Compressed Oops: Enabled (32-bit)
 Heap Region Size: 1M
 Heap Min Capacity: 256M
 Heap Initial Capacity: 256M
 Heap Max Capacity: 512M
 Pre-touch: Disabled
 Parallel Workers: 8
 Concurrent Workers: 2
 Concurrent Refinement Workers: 8
 Periodic GC: Disabled
Heap:
 garbage-first heap   total 262144K, used 138817K [0x00000000e0000000, 0x0000000100000000)
  region size 1024K, 92 young (94208K), 13 survivors (13312K)
 Metaspace       used 69729K, committed 70464K, reserved 393216K
  class space    used 9391K, committed 9728K, reserved 327680K
GC Heap History (20 events):
Event: 3.073 GC heap before
{Heap before GC invocations=2 (full 0):
 garbage-first heap   total 262144K, used 127627K [0x00000000e0000000, 0x0000000100000000)
  region size 1024K, 115 young (117760K), 2 survivors (2048K)
 Metaspace       used 21243K, committed 21504K, reserved 393216K
  class space    used 3170K, committed 3328K, reserved 327680K
}
Event: 3.081 GC heap after
{Heap after GC invocations=3 (full 0):
 garbage-first heap   total 262144K, used 22205K [0x00000000e0000000, 0x0000000100000000)
  region size 1024K, 12 young (12288K), 12 survivors (12288K)
 Metaspace       used 21243K, committed 21504K, reserved 393216K
  class space    used 3170K, committed 3328K, reserved 327680K
}
Event: 4.594 GC heap before
{Heap before GC invocations=4 (full 0):
 garbage-first heap   total 262144K, used 144061K [0x00000000e0000000, 0x0000000100000000)
  region size 1024K, 126 young (129024K), 12 survivors (12288K)
 Metaspace       used 35704K, committed 36096K, reserved 393216K
  class space    used 4911K, committed 5120K, reserved 327680K
}
Event: 4.604 GC heap after
{Heap after GC invocations=5 (full 0):
 garbage-first heap   total 262144K, used 31016K [0x00000000e0000000, 0x0000000100000000)
  region size 1024K, 9 young (9216K), 9 survivors (9216K)
 Metaspace       used 35704K, committed 36096K, reserved 393216K
  class space    used 4911K, committed 5120K, reserved 327680K
}
Event: 6.466 GC heap before
{Heap before GC invocations=6 (full 0):
 garbage-first heap   total 262144K, used 178472K [0x00000000e0000000, 0x0000000100000000)
  region size 1024K, 153 young (156672K), 9 survivors (9216K)
 Metaspace       used 50774K, committed 51264K, reserved 393216K
  class space    used 7158K, committed 7424K, reserved 327680K
}
Event: 6.479 GC heap after
{Heap after GC invocations=7 (full 0):
 garbage-first heap   total 262144K, used 40026K [0x00000000e0000000, 0x0000000100000000)
  region size 1024K, 18 young (18432K), 18 survivors (18432K)
 Metaspace       used 50774K, committed 51264K, reserved 393216K
  class space    used 7158K, committed 7424K, reserved 327680K
}
Event: 6.493 GC heap before
{Heap before GC invocations=7 (full 0):
 garbage-first heap   total 262144K, used 40026K [0x00000000e0000000, 0x0000000100000000)
  region size 1024K, 19 young (19456K), 18 survivors (18432K)
 Metaspace       used 50868K, committed 51328K, reserved 393216K
  class space    used 7176K, committed 7424K, reserved 327680K
}
Event: 6.505 GC heap after
{Heap after GC invocations=8 (full 0):
 garbage-first heap   total 262144K, used 41996K [0x00000000e0000000, 0x0000000100000000)
  region size 1024K, 3 young (3072K), 3 survivors (3072K)
 Metaspace       used 50868K, committed 51328K, reserved 393216K
  class space    used 7176K, committed 7424K, reserved 327680K
}
Event: 7.577 GC heap before
{Heap before GC invocations=8 (full 0):
 garbage-first heap   total 262144K, used 115724K [0x00000000e0000000, 0x0000000100000000)
  region size 1024K, 77 young (78848K), 3 survivors (3072K)
 Metaspace       used 59916K, committed 60416K, reserved 393216K
  class space    used 8538K, committed 8768K, reserved 327680K
}
Event: 7.585 GC heap after
{Heap after GC invocations=9 (full 0):
 garbage-first heap   total 262144K, used 46357K [0x00000000e0000000, 0x0000000100000000)
  region size 1024K, 7 young (7168K), 7 survivors (7168K)
 Metaspace       used 59916K, committed 60416K, reserved 393216K
  class space    used 8538K, committed 8768K, reserved 327680K
}
Event: 4432.884 GC heap before
{Heap before GC invocations=10 (full 0):
 garbage-first heap   total 262144K, used 195861K [0x00000000e0000000, 0x0000000100000000)
  region size 1024K, 153 young (156672K), 7 survivors (7168K)
 Metaspace       used 66034K, committed 66688K, reserved 393216K
  class space    used 9246K, committed 9600K, reserved 327680K
}
Event: 4432.892 GC heap after
{Heap after GC invocations=11 (full 0):
 garbage-first heap   total 262144K, used 48660K [0x00000000e0000000, 0x0000000100000000)
  region size 1024K, 10 young (10240K), 10 survivors (10240K)
 Metaspace       used 66034K, committed 66688K, reserved 393216K
  class space    used 9246K, committed 9600K, reserved 327680K
}
Event: 4803.304 GC heap before
{Heap before GC invocations=12 (full 0):
 garbage-first heap   total 262144K, used 194068K [0x00000000e0000000, 0x0000000100000000)
  region size 1024K, 153 young (156672K), 10 survivors (10240K)
 Metaspace       used 68064K, committed 68736K, reserved 393216K
  class space    used 9345K, committed 9664K, reserved 327680K
}
Event: 4803.321 GC heap after
{Heap after GC invocations=13 (full 0):
 garbage-first heap   total 262144K, used 50665K [0x00000000e0000000, 0x0000000100000000)
  region size 1024K, 12 young (12288K), 12 survivors (12288K)
 Metaspace       used 68064K, committed 68736K, reserved 393216K
  class space    used 9345K, committed 9664K, reserved 327680K
}
Event: 4803.324 GC heap before
{Heap before GC invocations=13 (full 0):
 garbage-first heap   total 262144K, used 51689K [0x00000000e0000000, 0x0000000100000000)
  region size 1024K, 13 young (13312K), 12 survivors (12288K)
 Metaspace       used 68064K, committed 68736K, reserved 393216K
  class space    used 9345K, committed 9664K, reserved 327680K
}
Event: 4803.341 GC heap after
{Heap after GC invocations=14 (full 0):
 garbage-first heap   total 262144K, used 47879K [0x00000000e0000000, 0x0000000100000000)
  region size 1024K, 1 young (1024K), 1 survivors (1024K)
 Metaspace       used 68064K, committed 68736K, reserved 393216K
  class space    used 9345K, committed 9664K, reserved 327680K
}
Event: 5516.756 GC heap before
{Heap before GC invocations=14 (full 0):
 garbage-first heap   total 262144K, used 202503K [0x00000000e0000000, 0x0000000100000000)
  region size 1024K, 153 young (156672K), 1 survivors (1024K)
 Metaspace       used 68885K, committed 69504K, reserved 393216K
  class space    used 9365K, committed 9664K, reserved 327680K
}
Event: 5516.761 GC heap after
{Heap after GC invocations=15 (full 0):
 garbage-first heap   total 262144K, used 53144K [0x00000000e0000000, 0x0000000100000000)
  region size 1024K, 7 young (7168K), 7 survivors (7168K)
 Metaspace       used 68885K, committed 69504K, reserved 393216K
  class space    used 9365K, committed 9664K, reserved 327680K
}
Event: 5815.822 GC heap before
{Heap before GC invocations=15 (full 0):
 garbage-first heap   total 262144K, used 201624K [0x00000000e0000000, 0x0000000100000000)
  region size 1024K, 153 young (156672K), 7 survivors (7168K)
 Metaspace       used 69474K, committed 70144K, reserved 393216K
  class space    used 9383K, committed 9728K, reserved 327680K
}
Event: 5815.830 GC heap after
{Heap after GC invocations=16 (full 0):
 garbage-first heap   total 262144K, used 59969K [0x00000000e0000000, 0x0000000100000000)
  region size 1024K, 13 young (13312K), 13 survivors (13312K)
 Metaspace       used 69474K, committed 70144K, reserved 393216K
  class space    used 9383K, committed 9728K, reserved 327680K
}

